<?xml version="1.0" encoding="UTF-8"?>
<!-- Generated by org.testng.reporters.JUnitReportReporter -->
<testsuite hostname="karishmas-MacBook-Air.local" failures="0" tests="1" name="Testscript.TC15" time="48.969" errors="0" timestamp="2020-11-20T11:07:10 IST" skipped="0">
  <testcase classname="Testscript.TC15" name="admin_rejectbooking" time="48.969"/>
  <system-out/>
</testsuite> <!-- Testscript.TC15 -->
