<?xml version="1.0" encoding="UTF-8"?>
<!-- Generated by org.testng.reporters.JUnitReportReporter -->
<testsuite hostname="karishmas-MacBook-Air.local" failures="0" tests="1" name="Testscript.TC13" time="119.692" errors="0" timestamp="2020-11-21T00:32:07 IST" skipped="0">
  <testcase classname="Testscript.TC13" name="Different_status_booking" time="119.692"/>
  <system-out/>
</testsuite> <!-- Testscript.TC13 -->
