<?xml version="1.0" encoding="UTF-8"?>
<!-- Generated by org.testng.reporters.JUnitReportReporter -->
<testsuite hostname="karishmas-MacBook-Air.local" failures="0" tests="1" name="Testscript.TC7" time="23.714" errors="0" timestamp="2020-12-20T00:03:38 IST" skipped="0">
  <testcase classname="Testscript.TC7" name="Blankusername" time="23.714"/>
  <system-out/>
</testsuite> <!-- Testscript.TC7 -->
