<?xml version="1.0" encoding="UTF-8"?>
<!-- Generated by org.testng.reporters.JUnitReportReporter -->
<testsuite hostname="karishmas-MacBook-Air.local" failures="0" tests="1" name="Testscript.TC7" time="22.413" errors="0" timestamp="2020-10-22T15:55:48 GMT-04:00" skipped="0">
  <testcase classname="Testscript.TC7" name="Blankusername" time="22.413"/>
  <system-out/>
</testsuite> <!-- Testscript.TC7 -->
