<?xml version="1.0" encoding="UTF-8"?>
<!-- Generated by org.testng.reporters.JUnitReportReporter -->
<testsuite hostname="karishmas-MacBook-Air.local" failures="0" tests="1" name="Testscript.TC2" time="28.714" errors="0" timestamp="2020-11-21T00:14:22 IST" skipped="0">
  <testcase classname="Testscript.TC2" name="signin" time="28.714"/>
  <system-out/>
</testsuite> <!-- Testscript.TC2 -->
