<?xml version="1.0" encoding="UTF-8"?>
<!-- Generated by org.testng.reporters.JUnitReportReporter -->
<testsuite hostname="karishmas-MacBook-Air.local" failures="0" tests="1" name="Testscript.TC5" time="54.564" errors="0" timestamp="2020-10-22T15:55:48 GMT-04:00" skipped="0">
  <testcase classname="Testscript.TC5" name="facebooksignup" time="54.564"/>
  <system-out/>
</testsuite> <!-- Testscript.TC5 -->
