<?xml version="1.0" encoding="UTF-8"?>
<!-- Generated by org.testng.reporters.JUnitReportReporter -->
<testsuite hostname="karishmas-MacBook-Air.local" failures="0" tests="1" name="Testscript.TC1" time="27.535" errors="0" timestamp="2020-10-12T02:02:08 IST" skipped="0">
  <testcase classname="Testscript.TC1" name="signup" time="27.535"/>
  <system-out/>
</testsuite> <!-- Testscript.TC1 -->
