<?xml version="1.0" encoding="UTF-8"?>
<!-- Generated by org.testng.reporters.JUnitReportReporter -->
<testsuite hostname="karishmas-MacBook-Air.local" failures="0" tests="1" name="Testscript.TC3" time="43.841" errors="0" timestamp="2020-10-22T15:55:48 GMT-04:00" skipped="0">
  <testcase classname="Testscript.TC3" name="facebooksignup" time="43.841"/>
  <system-out/>
</testsuite> <!-- Testscript.TC3 -->
