<?xml version="1.0" encoding="UTF-8"?>
<!-- Generated by org.testng.reporters.JUnitReportReporter -->
<testsuite hostname="karishmas-MacBook-Air.local" failures="0" tests="1" name="Testscript.TC2" time="18.399" errors="0" timestamp="2020-10-12T02:02:08 IST" skipped="0">
  <testcase classname="Testscript.TC2" name="signin" time="18.399"/>
  <system-out/>
</testsuite> <!-- Testscript.TC2 -->
