<?xml version="1.0" encoding="UTF-8"?>
<!-- Generated by org.testng.reporters.JUnitReportReporter -->
<testsuite hostname="karishmas-MacBook-Air.local" failures="0" tests="1" name="Testscript.TC10" time="85.341" errors="0" timestamp="2020-11-21T00:25:40 IST" skipped="0">
  <testcase classname="Testscript.TC10" name="booking_flow_by_admin" time="85.341"/>
  <system-out/>
</testsuite> <!-- Testscript.TC10 -->
