<?xml version="1.0" encoding="UTF-8"?>
<!-- Generated by org.testng.reporters.JUnitReportReporter -->
<testsuite hostname="karishmas-MacBook-Air.local" failures="0" tests="1" name="TestNG.TC5" time="50.255" errors="0" timestamp="2020-06-11T01:22:52 IST" skipped="0">
  <testcase classname="TestNG.TC5" name="test" time="50.255"/>
  <system-out/>
</testsuite> <!-- TestNG.TC5 -->
