<?xml version="1.0" encoding="UTF-8"?>
<!-- Generated by org.testng.reporters.JUnitReportReporter -->
<testsuite hostname="karishmas-MacBook-Air.local" failures="0" tests="1" name="Testscript.TC4" time="50.777" errors="0" timestamp="2020-06-26T00:17:46 IST" skipped="0">
  <testcase classname="Testscript.TC4" name="test" time="50.777"/>
  <system-out/>
</testsuite> <!-- Testscript.TC4 -->
