<?xml version="1.0" encoding="UTF-8"?>
<!-- Generated by org.testng.reporters.JUnitReportReporter -->
<testsuite hostname="karishmas-MacBook-Air.local" failures="0" tests="1" name="Testscript.TC3" time="51.379" errors="0" timestamp="2020-06-26T00:28:12 IST" skipped="0">
  <testcase classname="Testscript.TC3" name="test" time="51.379"/>
  <system-out/>
</testsuite> <!-- Testscript.TC3 -->
