<?xml version="1.0" encoding="UTF-8"?>
<!-- Generated by org.testng.reporters.JUnitReportReporter -->
<testsuite hostname="karishmas-MacBook-Air.local" failures="0" tests="1" name="Testscript.TC1" time="74.194" errors="0" timestamp="2020-07-03T20:13:25 IST" skipped="0">
  <testcase classname="Testscript.TC1" name="test" time="74.194"/>
  <system-out/>
</testsuite> <!-- Testscript.TC1 -->
