<?xml version="1.0" encoding="UTF-8"?>
<!-- Generated by org.testng.reporters.JUnitReportReporter -->
<testsuite hostname="karishmas-MacBook-Air.local" failures="0" tests="1" name="TestNG.TC2" time="47.940" errors="0" timestamp="2020-06-11T01:22:52 IST" skipped="0">
  <testcase classname="TestNG.TC2" name="test" time="47.940"/>
  <system-out/>
</testsuite> <!-- TestNG.TC2 -->
