<?xml version="1.0" encoding="UTF-8"?>
<!-- Generated by org.testng.reporters.JUnitReportReporter -->
<testsuite hostname="karishmas-MacBook-Air.local" failures="0" tests="1" name="Testscript.TC6" time="54.477" errors="0" timestamp="2020-06-26T00:17:46 IST" skipped="0">
  <testcase classname="Testscript.TC6" name="test" time="54.477"/>
  <system-out/>
</testsuite> <!-- Testscript.TC6 -->
