<?xml version="1.0" encoding="UTF-8"?>
<!-- Generated by org.testng.reporters.JUnitReportReporter -->
<testsuite hostname="karishmas-MacBook-Air.local" failures="0" tests="1" name="Testscript.TC1" time="53.602" errors="0" timestamp="2020-06-26T12:03:10 IST" skipped="0">
  <testcase classname="Testscript.TC1" name="test" time="53.602"/>
  <system-out/>
</testsuite> <!-- Testscript.TC1 -->
