<?xml version="1.0" encoding="UTF-8"?>
<!-- Generated by org.testng.reporters.JUnitReportReporter -->
<testsuite hostname="karishmas-MacBook-Air.local" failures="0" tests="1" name="Testscript.TC1" time="80.466" errors="0" timestamp="2020-07-09T23:01:18 IST" skipped="0">
  <testcase classname="Testscript.TC1" name="test" time="80.466"/>
  <system-out/>
</testsuite> <!-- Testscript.TC1 -->
