<?xml version="1.0" encoding="UTF-8"?>
<!-- Generated by org.testng.reporters.JUnitReportReporter -->
<testsuite hostname="ip-192-168-1-6.ap-south-1.compute.internal" failures="0" tests="1" name="TestNG.TC2" time="48.107" errors="0" timestamp="2020-06-17T01:14:40 IST" skipped="0">
  <testcase classname="TestNG.TC2" name="test" time="48.107"/>
  <system-out/>
</testsuite> <!-- TestNG.TC2 -->
