<?xml version="1.0" encoding="UTF-8"?>
<!-- Generated by org.testng.reporters.JUnitReportReporter -->
<testsuite hostname="karishmas-MacBook-Air.local" failures="0" tests="1" name="Testscript.TC7" time="91.285" errors="0" timestamp="2020-06-26T00:17:46 IST" skipped="0">
  <testcase classname="Testscript.TC7" name="test" time="91.285"/>
  <system-out/>
</testsuite> <!-- Testscript.TC7 -->
