<?xml version="1.0" encoding="UTF-8"?>
<!-- Generated by org.testng.reporters.JUnitReportReporter -->
<testsuite hostname="ip-192-168-1-6.ap-south-1.compute.internal" failures="0" tests="1" name="TestNG.TC7" time="88.748" errors="0" timestamp="2020-06-17T01:14:40 IST" skipped="0">
  <testcase classname="TestNG.TC7" name="test" time="88.748"/>
  <system-out/>
</testsuite> <!-- TestNG.TC7 -->
