<?xml version="1.0" encoding="UTF-8"?>
<!-- Generated by org.testng.reporters.JUnitReportReporter -->
<testsuite hostname="karishmas-MacBook-Air.local" failures="0" tests="1" name="Testscript.TC2" time="59.456" errors="0" timestamp="2020-07-03T20:07:08 IST" skipped="0">
  <testcase classname="Testscript.TC2" name="test" time="59.456"/>
  <system-out/>
</testsuite> <!-- Testscript.TC2 -->
