<?xml version="1.0" encoding="UTF-8"?>
<!-- Generated by org.testng.reporters.JUnitReportReporter -->
<testsuite hostname="karishmas-MacBook-Air.local" failures="0" tests="1" name="TestNG.TC1" time="50.157" errors="0" timestamp="2020-06-19T23:37:49 IST" skipped="0">
  <testcase classname="TestNG.TC1" name="test" time="50.157"/>
  <system-out/>
</testsuite> <!-- TestNG.TC1 -->
