<?xml version="1.0" encoding="UTF-8"?>
<!-- Generated by org.testng.reporters.JUnitReportReporter -->
<testsuite hostname="karishmas-MacBook-Air.local" failures="0" tests="3" name="June_6.testng" time="0.039" errors="0" timestamp="2020-12-10T19:34:27 IST" skipped="0">
  <testcase classname="June_6.testng" name="qqb" time="0.003"/>
  <system-out/>
  <testcase classname="June_6.testng" name="cde" time="0.030"/>
  <system-out/>
  <testcase classname="June_6.testng" name="abc" time="0.006"/>
  <system-out/>
</testsuite> <!-- June_6.testng -->
