<?xml version="1.0" encoding="UTF-8"?>
<!-- Generated by org.testng.reporters.JUnitReportReporter -->
<testsuite hostname="karishmas-MacBook-Air.local" failures="0" tests="3" name="June_6.testng" time="0.027" errors="0" timestamp="2020-06-09T21:56:50 IST" skipped="0">
  <testcase classname="June_6.testng" name="qqb" time="0.010"/>
  <system-out/>
  <testcase classname="June_6.testng" name="cde" time="0.014"/>
  <system-out/>
  <testcase classname="June_6.testng" name="abc" time="0.003"/>
  <system-out/>
</testsuite> <!-- June_6.testng -->
